<?xml version="1.0" encoding="UTF-8"?>
<!-- Generated by org.testng.reporters.JUnitXMLReporter -->
<testsuite ignored="0" hostname="DESKTOP-2BM989P" failures="0" tests="10" name="Default test" time="91.145" errors="0" timestamp="2024-08-31T18:19:11 IST">
  <testcase classname="Test.TestScript" name="HomePage" time="1.42"/>
  <testcase classname="Test.TestScript" name="HomePage1" time="0.671"/>
  <testcase classname="Test.TestScript" name="KidsAndToys" time="2.277"/>
  <testcase classname="Test.TestScript" name="KidsAndToys1" time="2.119"/>
  <testcase classname="Test.TestScript" name="KidsAndToys2" time="2.386"/>
  <testcase classname="Test.TestScript" name="KidsAndToys3" time="2.461"/>
  <testcase classname="Test.TestScript" name="KidsAndToys4" time="2.55"/>
  <testcase classname="Test.TestScript" name="KidsAndToys5" time="4.47"/>
  <testcase classname="Test.TestScript" name="KidsAndToys6" time="6.686"/>
  <testcase classname="Test.TestScript" name="RemoteControlToys" time="9.944"/>
</testsuite> <!-- Default test -->
